Vivado Simulator 2018.3
Copyright 1986-1999, 2001-2018 Xilinx, Inc. All Rights Reserved.
Running: C:/xilinks/Vivado/2018.3/bin/unwrapped/win64.o/xelab.exe -wto ad529f38f87440d79c18f3fee1d17bb9 --incr --debug typical --relax --mt 2 -L xil_defaultlib -L unisims_ver -L secureip --snapshot simu_func_synth xil_defaultlib.simu xil_defaultlib.glbl -log elaborate.log 
Using 2 slave threads.
Starting static elaboration
Completed static elaboration
Starting simulation data flow analysis
Completed simulation data flow analysis
Time Resolution for simulation is 1ps
Compiling module unisims_ver.OBUF
Compiling module unisims_ver.BUFG
Compiling module unisims_ver.IBUF
Compiling module unisims_ver.CARRY4
Compiling module unisims_ver.x_lut2_mux4
Compiling module unisims_ver.LUT2
Compiling module unisims_ver.x_lut3_mux8
Compiling module unisims_ver.LUT3
Compiling module unisims_ver.LUT4
Compiling module unisims_ver.LUT5
Compiling module unisims_ver.x_lut1_mux2
Compiling module unisims_ver.LUT1
Compiling module xil_defaultlib.KeyGeneration_59
Compiling module xil_defaultlib.addround_60
Compiling module unisims_ver.FDRE_default
Compiling module xil_defaultlib.dflipflop_61
Compiling module unisims_ver.LUT6
Compiling module xil_defaultlib.rounds
Compiling module xil_defaultlib.KeyGeneration_58
Compiling module xil_defaultlib.rounds_0
Compiling module xil_defaultlib.KeyGeneration_57
Compiling module xil_defaultlib.rounds_1
Compiling module xil_defaultlib.KeyGeneration_56
Compiling module xil_defaultlib.rounds_2
Compiling module xil_defaultlib.KeyGeneration_55
Compiling module xil_defaultlib.rounds_3
Compiling module xil_defaultlib.KeyGeneration_54
Compiling module xil_defaultlib.rounds_4
Compiling module xil_defaultlib.KeyGeneration_53
Compiling module xil_defaultlib.rounds_5
Compiling module xil_defaultlib.KeyGeneration_52
Compiling module xil_defaultlib.rounds_6
Compiling module xil_defaultlib.KeyGeneration_51
Compiling module xil_defaultlib.rounds_7
Compiling module xil_defaultlib.KeyGeneration_50
Compiling module xil_defaultlib.rounds_8
Compiling module xil_defaultlib.KeyGeneration_49
Compiling module xil_defaultlib.rounds_9
Compiling module xil_defaultlib.KeyGeneration_48
Compiling module xil_defaultlib.addround
Compiling module xil_defaultlib.dflipflop
Compiling module xil_defaultlib.rounds_10
Compiling module xil_defaultlib.KeyGeneration_47
Compiling module xil_defaultlib.rounds_11
Compiling module xil_defaultlib.KeyGeneration_46
Compiling module xil_defaultlib.rounds_12
Compiling module xil_defaultlib.KeyGeneration_45
Compiling module xil_defaultlib.rounds_13
Compiling module xil_defaultlib.KeyGeneration_44
Compiling module xil_defaultlib.rounds_14
Compiling module xil_defaultlib.KeyGeneration_43
Compiling module xil_defaultlib.rounds_15
Compiling module xil_defaultlib.KeyGeneration_42
Compiling module xil_defaultlib.rounds_16
Compiling module xil_defaultlib.KeyGeneration_41
Compiling module xil_defaultlib.rounds_17
Compiling module xil_defaultlib.KeyGeneration_40
Compiling module xil_defaultlib.rounds_18
Compiling module xil_defaultlib.KeyGeneration_39
Compiling module xil_defaultlib.rounds_19
Compiling module xil_defaultlib.KeyGeneration_38
Compiling module xil_defaultlib.rounds_20
Compiling module xil_defaultlib.KeyGeneration_37
Compiling module xil_defaultlib.rounds_21
Compiling module xil_defaultlib.KeyGeneration_36
Compiling module xil_defaultlib.rounds_22
Compiling module xil_defaultlib.KeyGeneration_35
Compiling module xil_defaultlib.rounds_23
Compiling module xil_defaultlib.KeyGeneration_34
Compiling module xil_defaultlib.rounds_24
Compiling module xil_defaultlib.KeyGeneration_33
Compiling module xil_defaultlib.rounds_25
Compiling module xil_defaultlib.KeyGeneration_32
Compiling module xil_defaultlib.rounds_26
Compiling module xil_defaultlib.KeyGeneration_31
Compiling module xil_defaultlib.rounds_27
Compiling module xil_defaultlib.KeyGeneration_30
Compiling module xil_defaultlib.rounds_28
Compiling module xil_defaultlib.KeyGeneration
Compiling module xil_defaultlib.rounds_29
Compiling module xil_defaultlib.presentcipher
Compiling module xil_defaultlib.simu
Compiling module xil_defaultlib.glbl
Built simulation snapshot simu_func_synth
