INFO: [VRFC 10-2263] Analyzing Verilog file "C:/Users/Neha Jain/PRESENT_4/PRESENT_4.sim/sim_1/synth/func/xsim/simu_func_synth.v" into library xil_defaultlib
INFO: [VRFC 10-311] analyzing module KeyGeneration
INFO: [VRFC 10-311] analyzing module KeyGeneration_30
INFO: [VRFC 10-311] analyzing module KeyGeneration_31
INFO: [VRFC 10-311] analyzing module KeyGeneration_32
INFO: [VRFC 10-311] analyzing module KeyGeneration_33
INFO: [VRFC 10-311] analyzing module KeyGeneration_34
INFO: [VRFC 10-311] analyzing module KeyGeneration_35
INFO: [VRFC 10-311] analyzing module KeyGeneration_36
INFO: [VRFC 10-311] analyzing module KeyGeneration_37
INFO: [VRFC 10-311] analyzing module KeyGeneration_38
INFO: [VRFC 10-311] analyzing module KeyGeneration_39
INFO: [VRFC 10-311] analyzing module KeyGeneration_40
INFO: [VRFC 10-311] analyzing module KeyGeneration_41
INFO: [VRFC 10-311] analyzing module KeyGeneration_42
INFO: [VRFC 10-311] analyzing module KeyGeneration_43
INFO: [VRFC 10-311] analyzing module KeyGeneration_44
INFO: [VRFC 10-311] analyzing module KeyGeneration_45
INFO: [VRFC 10-311] analyzing module KeyGeneration_46
INFO: [VRFC 10-311] analyzing module KeyGeneration_47
INFO: [VRFC 10-311] analyzing module KeyGeneration_48
INFO: [VRFC 10-311] analyzing module KeyGeneration_49
INFO: [VRFC 10-311] analyzing module KeyGeneration_50
INFO: [VRFC 10-311] analyzing module KeyGeneration_51
INFO: [VRFC 10-311] analyzing module KeyGeneration_52
INFO: [VRFC 10-311] analyzing module KeyGeneration_53
INFO: [VRFC 10-311] analyzing module KeyGeneration_54
INFO: [VRFC 10-311] analyzing module KeyGeneration_55
INFO: [VRFC 10-311] analyzing module KeyGeneration_56
INFO: [VRFC 10-311] analyzing module KeyGeneration_57
INFO: [VRFC 10-311] analyzing module KeyGeneration_58
INFO: [VRFC 10-311] analyzing module KeyGeneration_59
INFO: [VRFC 10-311] analyzing module addround
INFO: [VRFC 10-311] analyzing module addround_60
INFO: [VRFC 10-311] analyzing module dflipflop
INFO: [VRFC 10-311] analyzing module dflipflop_61
INFO: [VRFC 10-311] analyzing module presentcipher
INFO: [VRFC 10-311] analyzing module rounds
INFO: [VRFC 10-311] analyzing module rounds_0
INFO: [VRFC 10-311] analyzing module rounds_1
INFO: [VRFC 10-311] analyzing module rounds_10
INFO: [VRFC 10-311] analyzing module rounds_11
INFO: [VRFC 10-311] analyzing module rounds_12
INFO: [VRFC 10-311] analyzing module rounds_13
INFO: [VRFC 10-311] analyzing module rounds_14
INFO: [VRFC 10-311] analyzing module rounds_15
INFO: [VRFC 10-311] analyzing module rounds_16
INFO: [VRFC 10-311] analyzing module rounds_17
INFO: [VRFC 10-311] analyzing module rounds_18
INFO: [VRFC 10-311] analyzing module rounds_19
INFO: [VRFC 10-311] analyzing module rounds_2
INFO: [VRFC 10-311] analyzing module rounds_20
INFO: [VRFC 10-311] analyzing module rounds_21
INFO: [VRFC 10-311] analyzing module rounds_22
INFO: [VRFC 10-311] analyzing module rounds_23
INFO: [VRFC 10-311] analyzing module rounds_24
INFO: [VRFC 10-311] analyzing module rounds_25
INFO: [VRFC 10-311] analyzing module rounds_26
INFO: [VRFC 10-311] analyzing module rounds_27
INFO: [VRFC 10-311] analyzing module rounds_28
INFO: [VRFC 10-311] analyzing module rounds_29
INFO: [VRFC 10-311] analyzing module rounds_3
INFO: [VRFC 10-311] analyzing module rounds_4
INFO: [VRFC 10-311] analyzing module rounds_5
INFO: [VRFC 10-311] analyzing module rounds_6
INFO: [VRFC 10-311] analyzing module rounds_7
INFO: [VRFC 10-311] analyzing module rounds_8
INFO: [VRFC 10-311] analyzing module rounds_9
INFO: [VRFC 10-311] analyzing module glbl
INFO: [VRFC 10-2263] Analyzing Verilog file "C:/Users/Neha Jain/PRESENT_4/PRESENT_4.srcs/sim_1/new/simu.v" into library xil_defaultlib
INFO: [VRFC 10-311] analyzing module simu
